Connecting to database specified by database.yml
Connecting to database specified by database.yml
Connecting to database specified by database.yml
  [1m[36m (94.5ms)[0m  [1mCREATE TABLE `schema_migrations` (`version` varchar(255) NOT NULL) ENGINE=InnoDB[0m
  [1m[35m (185.6ms)[0m  CREATE UNIQUE INDEX `unique_schema_migrations` ON `schema_migrations` (`version`)
  [1m[36m (2.4ms)[0m  [1mSELECT `schema_migrations`.`version` FROM `schema_migrations` [0m
Connecting to database specified by database.yml
Connecting to database specified by database.yml
  [1m[36m (71.2ms)[0m  [1mSELECT `schema_migrations`.`version` FROM `schema_migrations` [0m
Migrating to CreateCalendars (20121121014254)
  [1m[35m (547.2ms)[0m  CREATE TABLE `calendars` (`id` int(11) DEFAULT NULL auto_increment PRIMARY KEY, `name` varchar(255), `pub_date` date, `created_at` datetime NOT NULL, `updated_at` datetime NOT NULL) ENGINE=InnoDB
  [1m[36m (15.2ms)[0m  [1mINSERT INTO `schema_migrations` (`version`) VALUES ('20121121014254')[0m
  [1m[35m (22.0ms)[0m  SELECT `schema_migrations`.`version` FROM `schema_migrations` 
Connecting to database specified by database.yml
Connecting to database specified by database.yml


Started GET "/calendars" for 127.0.0.1 at 2012-11-20 20:45:22 -0500
Connecting to database specified by database.yml
Processing by CalendarsController#index as HTML
  [1m[36mCalendar Load (0.2ms)[0m  [1mSELECT `calendars`.* FROM `calendars` [0m
  Rendered calendars/index.html.erb within layouts/application (170.5ms)
Compiled bootstrap_and_overrides.css  (1477ms)  (pid 10926)
Compiled calendars.css  (48ms)  (pid 10926)
Compiled scaffolds.css  (34ms)  (pid 10926)
Compiled application.css  (1690ms)  (pid 10926)
Compiled jquery.js  (5ms)  (pid 10926)
Compiled jquery_ujs.js  (0ms)  (pid 10926)
Compiled twitter/bootstrap/bootstrap-transition.js  (0ms)  (pid 10926)
Compiled twitter/bootstrap/bootstrap-alert.js  (0ms)  (pid 10926)
Compiled twitter/bootstrap/bootstrap-modal.js  (0ms)  (pid 10926)
Compiled twitter/bootstrap/bootstrap-dropdown.js  (0ms)  (pid 10926)
Compiled twitter/bootstrap/bootstrap-scrollspy.js  (0ms)  (pid 10926)
Compiled twitter/bootstrap/bootstrap-tab.js  (145ms)  (pid 10926)
Compiled twitter/bootstrap/bootstrap-tooltip.js  (0ms)  (pid 10926)
Compiled twitter/bootstrap/bootstrap-popover.js  (1ms)  (pid 10926)
Compiled twitter/bootstrap/bootstrap-button.js  (13ms)  (pid 10926)
Compiled twitter/bootstrap/bootstrap-collapse.js  (3ms)  (pid 10926)
Compiled twitter/bootstrap/bootstrap-carousel.js  (0ms)  (pid 10926)
Compiled twitter/bootstrap/bootstrap-typeahead.js  (0ms)  (pid 10926)
Compiled twitter/bootstrap/bootstrap-affix.js  (3ms)  (pid 10926)
Compiled twitter/bootstrap.js  (1120ms)  (pid 10926)
Compiled bootstrap.js  (119ms)  (pid 10926)
Compiled calendars.js  (0ms)  (pid 10926)
Compiled application.js  (1499ms)  (pid 10926)
Completed 200 OK in 3834ms (Views: 3775.5ms | ActiveRecord: 40.2ms)

ActionController::RoutingError (No route matches [GET] "/assets/images/favicon.ico"):
  actionpack (3.2.8) lib/action_dispatch/middleware/debug_exceptions.rb:21:in `call'
  actionpack (3.2.8) lib/action_dispatch/middleware/show_exceptions.rb:56:in `call'
  railties (3.2.8) lib/rails/rack/logger.rb:26:in `call_app'
  railties (3.2.8) lib/rails/rack/logger.rb:16:in `call'
  quiet_assets (1.0.1) lib/quiet_assets.rb:20:in `call_with_quiet_assets'
  actionpack (3.2.8) lib/action_dispatch/middleware/request_id.rb:22:in `call'
  rack (1.4.1) lib/rack/methodoverride.rb:21:in `call'
  rack (1.4.1) lib/rack/runtime.rb:17:in `call'
  activesupport (3.2.8) lib/active_support/cache/strategy/local_cache.rb:72:in `call'
  rack (1.4.1) lib/rack/lock.rb:15:in `call'
  actionpack (3.2.8) lib/action_dispatch/middleware/static.rb:62:in `call'
  railties (3.2.8) lib/rails/engine.rb:479:in `call'
  railties (3.2.8) lib/rails/application.rb:223:in `call'
  rack (1.4.1) lib/rack/content_length.rb:14:in `call'
  railties (3.2.8) lib/rails/rack/log_tailer.rb:17:in `call'
  rack (1.4.1) lib/rack/handler/webrick.rb:59:in `service'
  /usr/local/rvm/rubies/ruby-1.9.3-p194/lib/ruby/1.9.1/webrick/httpserver.rb:138:in `service'
  /usr/local/rvm/rubies/ruby-1.9.3-p194/lib/ruby/1.9.1/webrick/httpserver.rb:94:in `run'
  /usr/local/rvm/rubies/ruby-1.9.3-p194/lib/ruby/1.9.1/webrick/server.rb:191:in `block in start_thread'




Started GET "/path3" for 127.0.0.1 at 2012-11-20 20:45:57 -0500

ActionController::RoutingError (No route matches [GET] "/path3"):
  actionpack (3.2.8) lib/action_dispatch/middleware/debug_exceptions.rb:21:in `call'
  actionpack (3.2.8) lib/action_dispatch/middleware/show_exceptions.rb:56:in `call'
  railties (3.2.8) lib/rails/rack/logger.rb:26:in `call_app'
  railties (3.2.8) lib/rails/rack/logger.rb:16:in `call'
  quiet_assets (1.0.1) lib/quiet_assets.rb:20:in `call_with_quiet_assets'
  actionpack (3.2.8) lib/action_dispatch/middleware/request_id.rb:22:in `call'
  rack (1.4.1) lib/rack/methodoverride.rb:21:in `call'
  rack (1.4.1) lib/rack/runtime.rb:17:in `call'
  activesupport (3.2.8) lib/active_support/cache/strategy/local_cache.rb:72:in `call'
  rack (1.4.1) lib/rack/lock.rb:15:in `call'
  actionpack (3.2.8) lib/action_dispatch/middleware/static.rb:62:in `call'
  railties (3.2.8) lib/rails/engine.rb:479:in `call'
  railties (3.2.8) lib/rails/application.rb:223:in `call'
  rack (1.4.1) lib/rack/content_length.rb:14:in `call'
  railties (3.2.8) lib/rails/rack/log_tailer.rb:17:in `call'
  rack (1.4.1) lib/rack/handler/webrick.rb:59:in `service'
  /usr/local/rvm/rubies/ruby-1.9.3-p194/lib/ruby/1.9.1/webrick/httpserver.rb:138:in `service'
  /usr/local/rvm/rubies/ruby-1.9.3-p194/lib/ruby/1.9.1/webrick/httpserver.rb:94:in `run'
  /usr/local/rvm/rubies/ruby-1.9.3-p194/lib/ruby/1.9.1/webrick/server.rb:191:in `block in start_thread'


  Rendered /usr/local/rvm/gems/ruby-1.9.3-p194/gems/actionpack-3.2.8/lib/action_dispatch/middleware/templates/rescues/routing_error.erb within rescues/layout (0.7ms)

ActionController::RoutingError (No route matches [GET] "/assets/images/favicon.ico"):
  actionpack (3.2.8) lib/action_dispatch/middleware/debug_exceptions.rb:21:in `call'
  actionpack (3.2.8) lib/action_dispatch/middleware/show_exceptions.rb:56:in `call'
  railties (3.2.8) lib/rails/rack/logger.rb:26:in `call_app'
  railties (3.2.8) lib/rails/rack/logger.rb:16:in `call'
  quiet_assets (1.0.1) lib/quiet_assets.rb:20:in `call_with_quiet_assets'
  actionpack (3.2.8) lib/action_dispatch/middleware/request_id.rb:22:in `call'
  rack (1.4.1) lib/rack/methodoverride.rb:21:in `call'
  rack (1.4.1) lib/rack/runtime.rb:17:in `call'
  activesupport (3.2.8) lib/active_support/cache/strategy/local_cache.rb:72:in `call'
  rack (1.4.1) lib/rack/lock.rb:15:in `call'
  actionpack (3.2.8) lib/action_dispatch/middleware/static.rb:62:in `call'
  railties (3.2.8) lib/rails/engine.rb:479:in `call'
  railties (3.2.8) lib/rails/application.rb:223:in `call'
  rack (1.4.1) lib/rack/content_length.rb:14:in `call'
  railties (3.2.8) lib/rails/rack/log_tailer.rb:17:in `call'
  rack (1.4.1) lib/rack/handler/webrick.rb:59:in `service'
  /usr/local/rvm/rubies/ruby-1.9.3-p194/lib/ruby/1.9.1/webrick/httpserver.rb:138:in `service'
  /usr/local/rvm/rubies/ruby-1.9.3-p194/lib/ruby/1.9.1/webrick/httpserver.rb:94:in `run'
  /usr/local/rvm/rubies/ruby-1.9.3-p194/lib/ruby/1.9.1/webrick/server.rb:191:in `block in start_thread'




Started GET "/calendars/new" for 127.0.0.1 at 2012-11-20 20:46:02 -0500
Processing by CalendarsController#new as HTML
  Rendered calendars/_form.html.erb (10.7ms)
  Rendered calendars/new.html.erb within layouts/application (18.6ms)
Completed 200 OK in 40ms (Views: 32.1ms | ActiveRecord: 0.0ms)

ActionController::RoutingError (No route matches [GET] "/assets/images/favicon.ico"):
  actionpack (3.2.8) lib/action_dispatch/middleware/debug_exceptions.rb:21:in `call'
  actionpack (3.2.8) lib/action_dispatch/middleware/show_exceptions.rb:56:in `call'
  railties (3.2.8) lib/rails/rack/logger.rb:26:in `call_app'
  railties (3.2.8) lib/rails/rack/logger.rb:16:in `call'
  quiet_assets (1.0.1) lib/quiet_assets.rb:20:in `call_with_quiet_assets'
  actionpack (3.2.8) lib/action_dispatch/middleware/request_id.rb:22:in `call'
  rack (1.4.1) lib/rack/methodoverride.rb:21:in `call'
  rack (1.4.1) lib/rack/runtime.rb:17:in `call'
  activesupport (3.2.8) lib/active_support/cache/strategy/local_cache.rb:72:in `call'
  rack (1.4.1) lib/rack/lock.rb:15:in `call'
  actionpack (3.2.8) lib/action_dispatch/middleware/static.rb:62:in `call'
  railties (3.2.8) lib/rails/engine.rb:479:in `call'
  railties (3.2.8) lib/rails/application.rb:223:in `call'
  rack (1.4.1) lib/rack/content_length.rb:14:in `call'
  railties (3.2.8) lib/rails/rack/log_tailer.rb:17:in `call'
  rack (1.4.1) lib/rack/handler/webrick.rb:59:in `service'
  /usr/local/rvm/rubies/ruby-1.9.3-p194/lib/ruby/1.9.1/webrick/httpserver.rb:138:in `service'
  /usr/local/rvm/rubies/ruby-1.9.3-p194/lib/ruby/1.9.1/webrick/httpserver.rb:94:in `run'
  /usr/local/rvm/rubies/ruby-1.9.3-p194/lib/ruby/1.9.1/webrick/server.rb:191:in `block in start_thread'



ActionController::RoutingError (No route matches [GET] "/assets/images/favicon.ico"):
  actionpack (3.2.8) lib/action_dispatch/middleware/debug_exceptions.rb:21:in `call'
  actionpack (3.2.8) lib/action_dispatch/middleware/show_exceptions.rb:56:in `call'
  railties (3.2.8) lib/rails/rack/logger.rb:26:in `call_app'
  railties (3.2.8) lib/rails/rack/logger.rb:16:in `call'
  quiet_assets (1.0.1) lib/quiet_assets.rb:20:in `call_with_quiet_assets'
  actionpack (3.2.8) lib/action_dispatch/middleware/request_id.rb:22:in `call'
  rack (1.4.1) lib/rack/methodoverride.rb:21:in `call'
  rack (1.4.1) lib/rack/runtime.rb:17:in `call'
  activesupport (3.2.8) lib/active_support/cache/strategy/local_cache.rb:72:in `call'
  rack (1.4.1) lib/rack/lock.rb:15:in `call'
  actionpack (3.2.8) lib/action_dispatch/middleware/static.rb:62:in `call'
  railties (3.2.8) lib/rails/engine.rb:479:in `call'
  railties (3.2.8) lib/rails/application.rb:223:in `call'
  rack (1.4.1) lib/rack/content_length.rb:14:in `call'
  railties (3.2.8) lib/rails/rack/log_tailer.rb:17:in `call'
  rack (1.4.1) lib/rack/handler/webrick.rb:59:in `service'
  /usr/local/rvm/rubies/ruby-1.9.3-p194/lib/ruby/1.9.1/webrick/httpserver.rb:138:in `service'
  /usr/local/rvm/rubies/ruby-1.9.3-p194/lib/ruby/1.9.1/webrick/httpserver.rb:94:in `run'
  /usr/local/rvm/rubies/ruby-1.9.3-p194/lib/ruby/1.9.1/webrick/server.rb:191:in `block in start_thread'




Started GET "/calendars/new" for 127.0.0.1 at 2012-11-20 21:20:36 -0500
Processing by CalendarsController#new as HTML
  Rendered calendars/_form.html.erb (5.3ms)
  Rendered calendars/new.html.erb within layouts/application (6.6ms)
Compiled application.js  (7ms)  (pid 10926)
Completed 200 OK in 95ms (Views: 94.3ms | ActiveRecord: 0.0ms)

ActionController::RoutingError (No route matches [GET] "/assets/images/favicon.ico"):
  actionpack (3.2.8) lib/action_dispatch/middleware/debug_exceptions.rb:21:in `call'
  actionpack (3.2.8) lib/action_dispatch/middleware/show_exceptions.rb:56:in `call'
  railties (3.2.8) lib/rails/rack/logger.rb:26:in `call_app'
  railties (3.2.8) lib/rails/rack/logger.rb:16:in `call'
  quiet_assets (1.0.1) lib/quiet_assets.rb:20:in `call_with_quiet_assets'
  actionpack (3.2.8) lib/action_dispatch/middleware/request_id.rb:22:in `call'
  rack (1.4.1) lib/rack/methodoverride.rb:21:in `call'
  rack (1.4.1) lib/rack/runtime.rb:17:in `call'
  activesupport (3.2.8) lib/active_support/cache/strategy/local_cache.rb:72:in `call'
  rack (1.4.1) lib/rack/lock.rb:15:in `call'
  actionpack (3.2.8) lib/action_dispatch/middleware/static.rb:62:in `call'
  railties (3.2.8) lib/rails/engine.rb:479:in `call'
  railties (3.2.8) lib/rails/application.rb:223:in `call'
  rack (1.4.1) lib/rack/content_length.rb:14:in `call'
  railties (3.2.8) lib/rails/rack/log_tailer.rb:17:in `call'
  rack (1.4.1) lib/rack/handler/webrick.rb:59:in `service'
  /usr/local/rvm/rubies/ruby-1.9.3-p194/lib/ruby/1.9.1/webrick/httpserver.rb:138:in `service'
  /usr/local/rvm/rubies/ruby-1.9.3-p194/lib/ruby/1.9.1/webrick/httpserver.rb:94:in `run'
  /usr/local/rvm/rubies/ruby-1.9.3-p194/lib/ruby/1.9.1/webrick/server.rb:191:in `block in start_thread'




Started GET "/calendars/new" for 127.0.0.1 at 2012-11-20 21:22:45 -0500
Processing by CalendarsController#new as HTML
  Rendered calendars/_form.html.erb (4.5ms)
  Rendered calendars/new.html.erb within layouts/application (5.6ms)
Compiled bootstrap-datepicker.css  (0ms)  (pid 10926)
Compiled application.css  (19ms)  (pid 10926)
Compiled bootstrap-datepicker/core.js  (0ms)  (pid 10926)
Compiled bootstrap-datepicker/locales/bootstrap-datepicker.bg.js  (0ms)  (pid 10926)
Compiled bootstrap-datepicker/locales/bootstrap-datepicker.br.js  (0ms)  (pid 10926)
Compiled bootstrap-datepicker/locales/bootstrap-datepicker.cs.js  (0ms)  (pid 10926)
Compiled bootstrap-datepicker/locales/bootstrap-datepicker.da.js  (0ms)  (pid 10926)
Compiled bootstrap-datepicker/locales/bootstrap-datepicker.de.js  (0ms)  (pid 10926)
Compiled bootstrap-datepicker/locales/bootstrap-datepicker.es.js  (0ms)  (pid 10926)
Compiled bootstrap-datepicker/locales/bootstrap-datepicker.fi.js  (0ms)  (pid 10926)
Compiled bootstrap-datepicker/locales/bootstrap-datepicker.fr.js  (0ms)  (pid 10926)
Compiled bootstrap-datepicker/locales/bootstrap-datepicker.id.js  (0ms)  (pid 10926)
Compiled bootstrap-datepicker/locales/bootstrap-datepicker.is.js  (0ms)  (pid 10926)
Compiled bootstrap-datepicker/locales/bootstrap-datepicker.it.js  (0ms)  (pid 10926)
Compiled bootstrap-datepicker/locales/bootstrap-datepicker.ja.js  (0ms)  (pid 10926)
Compiled bootstrap-datepicker/locales/bootstrap-datepicker.kr.js  (2ms)  (pid 10926)
Compiled bootstrap-datepicker/locales/bootstrap-datepicker.lt.js  (15ms)  (pid 10926)
Compiled bootstrap-datepicker/locales/bootstrap-datepicker.lv.js  (0ms)  (pid 10926)
Compiled bootstrap-datepicker/locales/bootstrap-datepicker.ms.js  (0ms)  (pid 10926)
Compiled bootstrap-datepicker/locales/bootstrap-datepicker.nb.js  (0ms)  (pid 10926)
Compiled bootstrap-datepicker/locales/bootstrap-datepicker.nl.js  (0ms)  (pid 10926)
Compiled bootstrap-datepicker/locales/bootstrap-datepicker.pl.js  (0ms)  (pid 10926)
Compiled bootstrap-datepicker/locales/bootstrap-datepicker.pt-BR.js  (0ms)  (pid 10926)
Compiled bootstrap-datepicker/locales/bootstrap-datepicker.pt.js  (0ms)  (pid 10926)
Compiled bootstrap-datepicker/locales/bootstrap-datepicker.ru.js  (1ms)  (pid 10926)
Compiled bootstrap-datepicker/locales/bootstrap-datepicker.sl.js  (0ms)  (pid 10926)
Compiled bootstrap-datepicker/locales/bootstrap-datepicker.sv.js  (0ms)  (pid 10926)
Compiled bootstrap-datepicker/locales/bootstrap-datepicker.th.js  (0ms)  (pid 10926)
Compiled bootstrap-datepicker/locales/bootstrap-datepicker.tr.js  (0ms)  (pid 10926)
Compiled bootstrap-datepicker/locales/bootstrap-datepicker.zh-CN.js  (0ms)  (pid 10926)
Compiled bootstrap-datepicker/locales/bootstrap-datepicker.zh-TW.js  (0ms)  (pid 10926)
Compiled bootstrap-datepicker/index.js  (4824ms)  (pid 10926)
Compiled application.js  (5068ms)  (pid 10926)
Completed 200 OK in 5499ms (Views: 5498.1ms | ActiveRecord: 0.0ms)

ActionController::RoutingError (No route matches [GET] "/assets/images/favicon.ico"):
  actionpack (3.2.8) lib/action_dispatch/middleware/debug_exceptions.rb:21:in `call'
  actionpack (3.2.8) lib/action_dispatch/middleware/show_exceptions.rb:56:in `call'
  railties (3.2.8) lib/rails/rack/logger.rb:26:in `call_app'
  railties (3.2.8) lib/rails/rack/logger.rb:16:in `call'
  quiet_assets (1.0.1) lib/quiet_assets.rb:20:in `call_with_quiet_assets'
  actionpack (3.2.8) lib/action_dispatch/middleware/request_id.rb:22:in `call'
  rack (1.4.1) lib/rack/methodoverride.rb:21:in `call'
  rack (1.4.1) lib/rack/runtime.rb:17:in `call'
  activesupport (3.2.8) lib/active_support/cache/strategy/local_cache.rb:72:in `call'
  rack (1.4.1) lib/rack/lock.rb:15:in `call'
  actionpack (3.2.8) lib/action_dispatch/middleware/static.rb:62:in `call'
  railties (3.2.8) lib/rails/engine.rb:479:in `call'
  railties (3.2.8) lib/rails/application.rb:223:in `call'
  rack (1.4.1) lib/rack/content_length.rb:14:in `call'
  railties (3.2.8) lib/rails/rack/log_tailer.rb:17:in `call'
  rack (1.4.1) lib/rack/handler/webrick.rb:59:in `service'
  /usr/local/rvm/rubies/ruby-1.9.3-p194/lib/ruby/1.9.1/webrick/httpserver.rb:138:in `service'
  /usr/local/rvm/rubies/ruby-1.9.3-p194/lib/ruby/1.9.1/webrick/httpserver.rb:94:in `run'
  /usr/local/rvm/rubies/ruby-1.9.3-p194/lib/ruby/1.9.1/webrick/server.rb:191:in `block in start_thread'




Started POST "/calendars" for 127.0.0.1 at 2012-11-20 21:23:11 -0500
Processing by CalendarsController#create as HTML
  Parameters: {"utf8"=>"✓", "authenticity_token"=>"4B5cBsdhfZJW4HKhmkftdGCWNu3F+j587UZeEYMw+30=", "calendar"=>{"name"=>"2012", "pub_date"=>"12/01/2012"}, "commit"=>"Create Calendar"}
  [1m[35m (3.9ms)[0m  BEGIN
  [1m[36mSQL (0.4ms)[0m  [1mINSERT INTO `calendars` (`created_at`, `name`, `pub_date`, `updated_at`) VALUES ('2012-11-21 02:23:11', '2012', '2012-01-12', '2012-11-21 02:23:11')[0m
  [1m[35m (39.8ms)[0m  COMMIT
Redirected to http://localhost:3000/calendars/1
Completed 302 Found in 102ms (ActiveRecord: 44.1ms)


Started GET "/calendars/1" for 127.0.0.1 at 2012-11-20 21:23:12 -0500
Processing by CalendarsController#show as HTML
  Parameters: {"id"=>"1"}
  [1m[36mCalendar Load (4.9ms)[0m  [1mSELECT `calendars`.* FROM `calendars` WHERE `calendars`.`id` = 1 LIMIT 1[0m
  Rendered calendars/show.html.erb within layouts/application (3.0ms)
Completed 200 OK in 51ms (Views: 38.0ms | ActiveRecord: 4.9ms)

ActionController::RoutingError (No route matches [GET] "/assets/images/favicon.ico"):
  actionpack (3.2.8) lib/action_dispatch/middleware/debug_exceptions.rb:21:in `call'
  actionpack (3.2.8) lib/action_dispatch/middleware/show_exceptions.rb:56:in `call'
  railties (3.2.8) lib/rails/rack/logger.rb:26:in `call_app'
  railties (3.2.8) lib/rails/rack/logger.rb:16:in `call'
  quiet_assets (1.0.1) lib/quiet_assets.rb:20:in `call_with_quiet_assets'
  actionpack (3.2.8) lib/action_dispatch/middleware/request_id.rb:22:in `call'
  rack (1.4.1) lib/rack/methodoverride.rb:21:in `call'
  rack (1.4.1) lib/rack/runtime.rb:17:in `call'
  activesupport (3.2.8) lib/active_support/cache/strategy/local_cache.rb:72:in `call'
  rack (1.4.1) lib/rack/lock.rb:15:in `call'
  actionpack (3.2.8) lib/action_dispatch/middleware/static.rb:62:in `call'
  railties (3.2.8) lib/rails/engine.rb:479:in `call'
  railties (3.2.8) lib/rails/application.rb:223:in `call'
  rack (1.4.1) lib/rack/content_length.rb:14:in `call'
  railties (3.2.8) lib/rails/rack/log_tailer.rb:17:in `call'
  rack (1.4.1) lib/rack/handler/webrick.rb:59:in `service'
  /usr/local/rvm/rubies/ruby-1.9.3-p194/lib/ruby/1.9.1/webrick/httpserver.rb:138:in `service'
  /usr/local/rvm/rubies/ruby-1.9.3-p194/lib/ruby/1.9.1/webrick/httpserver.rb:94:in `run'
  /usr/local/rvm/rubies/ruby-1.9.3-p194/lib/ruby/1.9.1/webrick/server.rb:191:in `block in start_thread'




Started GET "/calendars" for 127.0.0.1 at 2012-11-20 21:23:17 -0500
Processing by CalendarsController#index as HTML
  [1m[35mCalendar Load (0.3ms)[0m  SELECT `calendars`.* FROM `calendars` 
  Rendered calendars/index.html.erb within layouts/application (3.9ms)
Completed 200 OK in 28ms (Views: 26.4ms | ActiveRecord: 0.3ms)

ActionController::RoutingError (No route matches [GET] "/assets/images/favicon.ico"):
  actionpack (3.2.8) lib/action_dispatch/middleware/debug_exceptions.rb:21:in `call'
  actionpack (3.2.8) lib/action_dispatch/middleware/show_exceptions.rb:56:in `call'
  railties (3.2.8) lib/rails/rack/logger.rb:26:in `call_app'
  railties (3.2.8) lib/rails/rack/logger.rb:16:in `call'
  quiet_assets (1.0.1) lib/quiet_assets.rb:20:in `call_with_quiet_assets'
  actionpack (3.2.8) lib/action_dispatch/middleware/request_id.rb:22:in `call'
  rack (1.4.1) lib/rack/methodoverride.rb:21:in `call'
  rack (1.4.1) lib/rack/runtime.rb:17:in `call'
  activesupport (3.2.8) lib/active_support/cache/strategy/local_cache.rb:72:in `call'
  rack (1.4.1) lib/rack/lock.rb:15:in `call'
  actionpack (3.2.8) lib/action_dispatch/middleware/static.rb:62:in `call'
  railties (3.2.8) lib/rails/engine.rb:479:in `call'
  railties (3.2.8) lib/rails/application.rb:223:in `call'
  rack (1.4.1) lib/rack/content_length.rb:14:in `call'
  railties (3.2.8) lib/rails/rack/log_tailer.rb:17:in `call'
  rack (1.4.1) lib/rack/handler/webrick.rb:59:in `service'
  /usr/local/rvm/rubies/ruby-1.9.3-p194/lib/ruby/1.9.1/webrick/httpserver.rb:138:in `service'
  /usr/local/rvm/rubies/ruby-1.9.3-p194/lib/ruby/1.9.1/webrick/httpserver.rb:94:in `run'
  /usr/local/rvm/rubies/ruby-1.9.3-p194/lib/ruby/1.9.1/webrick/server.rb:191:in `block in start_thread'


